app/build/intermediates/manifest_merge_blame_file/debug/manifest-merger-blame-debug-report.txt
1<?xml version="1.0" encoding="utf-8"?>
2<manifest xmlns:android="http://schemas.android.com/apk/res/android"
3    package="com.example.bowlingo"
4    android:versionCode="1"
5    android:versionName="1.0" >
6
7    <uses-sdk
8        android:minSdkVersion="14"
8-->src\main\AndroidManifest.xml
9        android:targetSdkVersion="28" />
9-->src\main\AndroidManifest.xml
10
11    <application
11-->src\main\AndroidManifest.xml:5:5-34:19
12        android:allowBackup="true"
12-->src\main\AndroidManifest.xml:6:9-35
13        android:appComponentFactory="androidx.core.app.CoreComponentFactory"
13-->[androidx.core:core:1.1.0-alpha05] AndroidManifest.xml:22:18-86
14        android:debuggable="true"
15        android:icon="@mipmap/ic_bowlingo"
15-->src\main\AndroidManifest.xml:7:9-43
16        android:label="@string/app_name"
16-->src\main\AndroidManifest.xml:8:9-41
17        android:roundIcon="@mipmap/ic_bowlingo_round"
17-->src\main\AndroidManifest.xml:9:9-54
18        android:supportsRtl="true"
18-->src\main\AndroidManifest.xml:10:9-35
19        android:testOnly="true"
20        android:theme="@style/AppTheme" >
20-->src\main\AndroidManifest.xml:11:9-40
21        <activity
21-->src\main\AndroidManifest.xml:12:9-21:20
22            android:name="com.example.bowlingo.MenuActivity"
22-->src\main\AndroidManifest.xml:12:19-47
23            android:screenOrientation="fullSensor" >
23-->src\main\AndroidManifest.xml:13:13-51
24            <intent-filter>
24-->src\main\AndroidManifest.xml:15:13-19:29
25                <action android:name="android.intent.action.MAIN" />
25-->src\main\AndroidManifest.xml:16:17-69
25-->src\main\AndroidManifest.xml:16:25-66
26
27                <category android:name="android.intent.category.LAUNCHER" />
27-->src\main\AndroidManifest.xml:18:17-77
27-->src\main\AndroidManifest.xml:18:27-74
28            </intent-filter>
29        </activity>
30        <activity
30-->src\main\AndroidManifest.xml:22:9-25:20
31            android:name="com.example.bowlingo.MainActivity3"
31-->src\main\AndroidManifest.xml:22:19-48
32            android:screenOrientation="portrait" >
32-->src\main\AndroidManifest.xml:23:13-49
33        </activity>
34        <activity
34-->src\main\AndroidManifest.xml:26:9-29:20
35            android:name="com.example.bowlingo.MainActivity5"
35-->src\main\AndroidManifest.xml:26:19-48
36            android:screenOrientation="portrait" >
36-->src\main\AndroidManifest.xml:27:13-49
37        </activity>
38        <activity
38-->src\main\AndroidManifest.xml:30:9-33:20
39            android:name="com.example.bowlingo.MainActivity7"
39-->src\main\AndroidManifest.xml:30:19-48
40            android:screenOrientation="portrait" >
40-->src\main\AndroidManifest.xml:31:13-49
41        </activity>
42    </application>
43
44</manifest>